<?xml version="1.0" encoding="UTF-8"?>
<!-- Generated by org.testng.reporters.JUnitReportReporter -->
<testsuite hostname="DESKTOP-QB7U5TO" failures="0" tests="1" name="bikes.TC_Bikes_011" time="65.752" errors="0" timestamp="2023-01-17T11:14:15 IST" skipped="0">
  <testcase classname="bikes.TC_Bikes_011" name="bikes" time="65.752"/>
  <system-out/>
</testsuite> <!-- bikes.TC_Bikes_011 -->
