<?xml version="1.0" encoding="UTF-8"?>
<!-- Generated by org.testng.reporters.JUnitReportReporter -->
<testsuite hostname="DESKTOP-QB7U5TO" failures="0" tests="5" name="workingWithTestNG.ExecutionCondition" time="2.019" errors="0" timestamp="2023-01-17T11:14:15 IST" skipped="0">
  <testcase classname="workingWithTestNG.ExecutionCondition" name="modifyAccount" time="0.305"/>
  <system-out>
From Modify Account  </system-out>
  <testcase classname="workingWithTestNG.ExecutionCondition" name="amountTransfer" time="0.919"/>
  <system-out>
From Amount Transfer  </system-out>
  <testcase classname="workingWithTestNG.ExecutionCondition" name="register" time="0.791"/>
  <system-out>
From Register  </system-out>
  <testcase classname="workingWithTestNG.ExecutionCondition" name="createAccount" time="0.001"/>
  <system-out>
From Create Account  </system-out>
  <testcase classname="workingWithTestNG.ExecutionCondition" name="deleteAccount" time="0.003"/>
  <system-out>
From Create Account  </system-out>
</testsuite> <!-- workingWithTestNG.ExecutionCondition -->
