<?xml version="1.0" encoding="UTF-8"?>
<!-- Generated by org.testng.reporters.JUnitReportReporter -->
<testsuite hostname="DESKTOP-QB7U5TO" failures="0" tests="6" name="workingWithTestNG.TC_Contacts_001" time="0.565" errors="0" timestamp="2023-01-17T11:14:15 IST" skipped="0">
  <testcase classname="workingWithTestNG.TC_Contacts_001" name="editContact" time="0.009"/>
  <system-out>
FROM EDIT CONTACT  </system-out>
  <testcase classname="workingWithTestNG.TC_Contacts_001" name="modifyContact" time="0.495"/>
  <system-out>
FROM modify CONTACT  </system-out>
  <testcase classname="workingWithTestNG.TC_Contacts_001" name="deleteContact" time="0.002"/>
  <system-out>
FROM DELETE CONTACT  </system-out>
  <testcase classname="workingWithTestNG.TC_Contacts_001" name="addContact" time="0.003"/>
  <system-out>
FROM ADD CONTACT  </system-out>
  <testcase classname="workingWithTestNG.TC_Contacts_001" name="createContact" time="0.003"/>
  <system-out>
FROM CREATE CONTACT  </system-out>
  <testcase classname="workingWithTestNG.TC_Contacts_001" name="removeContact" time="0.053"/>
  <system-out>
FROM REMOVE CONTACT  </system-out>
</testsuite> <!-- workingWithTestNG.TC_Contacts_001 -->
