<?xml version="1.0" encoding="UTF-8"?>
<!-- Generated by org.testng.reporters.JUnitReportReporter -->
<testsuite hostname="DESKTOP-QB7U5TO" failures="0" tests="1" name="parameters.TC_ToUnderstandPassingParameters_010" time="30.638" errors="0" timestamp="2023-01-17T11:14:15 IST" skipped="0">
  <testcase classname="parameters.TC_ToUnderstandPassingParameters_010" name="demo" time="30.638"/>
  <system-out/>
</testsuite> <!-- parameters.TC_ToUnderstandPassingParameters_010 -->
