<?xml version="1.0" encoding="UTF-8"?>
<!-- Generated by org.testng.reporters.JUnitReportReporter -->
<testsuite hostname="DESKTOP-QB7U5TO" failures="0" tests="1" name="assertion.Assertion" time="29.690" errors="0" timestamp="2023-01-17T11:14:15 IST" skipped="0">
  <testcase classname="assertion.Assertion" name="assertionPractice" time="29.690"/>
  <system-out/>
</testsuite> <!-- assertion.Assertion -->
