<?xml version="1.0" encoding="UTF-8"?>
<!-- Generated by org.testng.reporters.JUnitReportReporter -->
<testsuite hostname="DESKTOP-QB7U5TO" failures="0" tests="5" name="workingWithTestNG.ToUnderstandDataProvider" time="376.455" errors="0" timestamp="2023-01-11T12:07:42 IST" skipped="0">
  <testcase classname="workingWithTestNG.ToUnderstandDataProvider" name="test" time="85.479"/>
  <system-out/>
  <testcase classname="workingWithTestNG.ToUnderstandDataProvider" name="test" time="37.894"/>
  <system-out/>
  <testcase classname="workingWithTestNG.ToUnderstandDataProvider" name="test" time="62.506"/>
  <system-out/>
  <testcase classname="workingWithTestNG.ToUnderstandDataProvider" name="test" time="99.946"/>
  <system-out/>
  <testcase classname="workingWithTestNG.ToUnderstandDataProvider" name="test" time="90.630"/>
  <system-out/>
</testsuite> <!-- workingWithTestNG.ToUnderstandDataProvider -->
