<?xml version="1.0" encoding="UTF-8"?>
<!-- Generated by org.testng.reporters.JUnitReportReporter -->
<testsuite hostname="DESKTOP-QB7U5TO" failures="0" tests="1" name="configurationAnnotations.BaseTest" time="56.733" errors="0" timestamp="2023-01-16T11:12:38 IST" skipped="0">
  <testcase classname="configurationAnnotations.BaseTest" name="browserSetUp" time="56.733"/>
  <system-out/>
</testsuite> <!-- configurationAnnotations.BaseTest -->
