<?xml version="1.0" encoding="UTF-8"?>
<!-- Generated by org.testng.reporters.JUnitReportReporter -->
<testsuite hostname="DESKTOP-QB7U5TO" failures="0" tests="1" name="cars.TC_Cars_020" time="46.988" errors="0" timestamp="2023-01-17T11:14:15 IST" skipped="0">
  <testcase classname="cars.TC_Cars_020" name="cars" time="46.988"/>
  <system-out/>
</testsuite> <!-- cars.TC_Cars_020 -->
