<?xml version="1.0" encoding="UTF-8"?>
<!-- Generated by org.testng.reporters.JUnitReportReporter -->
<testsuite hostname="DESKTOP-QB7U5TO" failures="0" tests="1" name="cars.TC_Cars_023" time="24.351" errors="0" timestamp="2023-01-17T11:14:15 IST" skipped="0">
  <testcase classname="cars.TC_Cars_023" name="cars" time="24.351"/>
  <system-out/>
</testsuite> <!-- cars.TC_Cars_023 -->
