<?xml version="1.0" encoding="UTF-8"?>
<!-- Generated by org.testng.reporters.JUnitReportReporter -->
<testsuite hostname="DESKTOP-QB7U5TO" failures="0" tests="2" name="workingWithTestNG.DataProviderForLoginCredentialsUsingExcel" time="33.448" errors="0" timestamp="2023-01-17T11:14:15 IST" skipped="0">
  <testcase classname="workingWithTestNG.DataProviderForLoginCredentialsUsingExcel" name="actitimeLogin" time="16.176"/>
  <system-out/>
  <testcase classname="workingWithTestNG.DataProviderForLoginCredentialsUsingExcel" name="actitimeLogin" time="17.272"/>
  <system-out/>
</testsuite> <!-- workingWithTestNG.DataProviderForLoginCredentialsUsingExcel -->
