<?xml version="1.0" encoding="UTF-8"?>
<!-- Generated by org.testng.reporters.JUnitReportReporter -->
<testsuite hostname="DESKTOP-UUGGNQT" failures="0" tests="1" name="configurationAnnotations.TC_ActiTimeLogin_001" time="8.896" errors="0" timestamp="2023-05-15T20:58:34 IST" skipped="0">
  <testcase classname="configurationAnnotations.TC_ActiTimeLogin_001" name="login" time="8.896"/>
  <system-out/>
</testsuite> <!-- configurationAnnotations.TC_ActiTimeLogin_001 -->
